usermod: no changes
Running 'mkdir /home/builder/data && cd /home/builder/data && igelpkg build --dir /recipe --thirdparty-overwrite-dir /thirdparty --repo bookworm -k --log && cp -r /home/builder/data /' as user builder: 1000:1000
Building APP "greencloud-1.0.0+0.1.rc.1" for ['x64'] as dev
Create igel partition for x64
	Extracting thirdparty packages for x64
		Extracting /thirdparty/containerd-1.7.13-linux-amd64.tar.gz
		Extracting /thirdparty/runc.amd64.tar.gz
	Extracting thirdparty packages for x64
		Adding license: Apache-2.0 from runc.amd64.tar.gz
		Copying files .*
	Copying files
	Collecting license information
		Adding license: Apache-2.0 from containerd-1.7.13-linux-amd64.tar.gz
	Copying input files
                       ^^^^^^^^^^^^^^^^^^^^^^^^^^^^^^^^^^^^^^^^^^^^^^^^^^^^^^^^^^^^^^^^^^
    res, igelfs_file = self.create_igel_partition(app.packages[architecture], app.config,
  File "/opt/igel/igelpkg/igelpkg/builder.py", line 613, in create_igel_partition
  File "/opt/igel/igelpkg/igelpkg/builder.py", line 1897, in _build
    self.create_data_dir(package, app_config, app_name, part_metadata, apt_helper, architecture, data_dir, app_metadata,
    os.mkdir(self, mode)
    self._mkdir_recursive(dir_path.parent, mode=permissions, owner=owner)
    path.mkdir(mode=int(mode, 8))
Traceback (most recent call last):
  File "/opt/igel/igelpkg/igelpkg/builder.py", line 2004, in _mkdir_recursive
	Creating readonly and persistent directories
  File "/opt/igel/igelpkg/igelpkg/builder.py", line 1461, in create_data_dir
  File "/usr/lib/python3.11/pathlib.py", line 1117, in mkdir
FileExistsError: [Errno 17] File exists: '/home/builder/data/igelpkg.output/data_x64/wfs/containerd'
  File "<frozen runpy>", line 198, in _run_module_as_main
  File "/opt/igel/igelpkg/igelpkg/builder.py", line 1819, in build


Traceback (most recent call last):
    builder.build(package, archs, args.options.repo, args.options.type, args.options.keep,
During handling of the above exception, another exception occurred:
    self.gen.throw(typ, value, traceback)
  File "/opt/igel/igelpkg/igelpkg/builder.py", line 1894, in _build
  File "/usr/lib/python3.11/contextlib.py", line 155, in __exit__
    ^^^^^^^^^^^^^^
    with context_manager as apt_helper:
  File "/opt/igel/igelpkg/igelpkg/__main__.py", line 384, in <module>
    self._build(app, architectures, version, build_type, keep, sign_profile, sign_author,
AttributeError: 'list_iterator' object has no attribute 'throw'
    main()
  File "<frozen runpy>", line 88, in _run_code
  File "/opt/igel/igelpkg/igelpkg/__main__.py", line 286, in main
usermod: no changes
Running 'mkdir /home/builder/data && cd /home/builder/data && igelpkg build --dir /recipe --thirdparty-overwrite-dir /thirdparty --repo bookworm -k --log && cp -r /home/builder/data /' as user builder: 1000:1000
Building APP "greencloud-1.0.0+0.1.rc.1" for ['x64'] as dev
Create igel partition for x64
	Extracting thirdparty packages for x64
		Extracting /thirdparty/containerd-1.7.13-linux-amd64.tar.gz
	Extracting thirdparty packages for x64
		Extracting /thirdparty/runc.amd64.tar.gz
		Adding license: Apache-2.0 from runc.amd64.tar.gz
	Collecting license information
		Adding license: Apache-2.0 from containerd-1.7.13-linux-amd64.tar.gz
		Copying files .*
	Copying files
	Copying input files
	Creating readonly and persistent directories
                       ^^^^^^^^^^^^^^^^^^^^^^^^^^^^^^^^^^^^^^^^^^^^^^^^^^^^^^^^^^^^^^^^^^
Traceback (most recent call last):
  File "/opt/igel/igelpkg/igelpkg/builder.py", line 1897, in _build
  File "/opt/igel/igelpkg/igelpkg/builder.py", line 2004, in _mkdir_recursive
    res, igelfs_file = self.create_igel_partition(app.packages[architecture], app.config,

  File "<frozen runpy>", line 88, in _run_code
  File "/opt/igel/igelpkg/igelpkg/builder.py", line 613, in create_igel_partition
FileExistsError: [Errno 17] File exists: '/home/builder/data/igelpkg.output/data_x64/wfs/containerd'
    main()
During handling of the above exception, another exception occurred:
Traceback (most recent call last):
    self._build(app, architectures, version, build_type, keep, sign_profile, sign_author,
  File "<frozen runpy>", line 198, in _run_module_as_main
    builder.build(package, archs, args.options.repo, args.options.type, args.options.keep,
  File "/usr/lib/python3.11/contextlib.py", line 155, in __exit__
    os.mkdir(self, mode)
    self._mkdir_recursive(dir_path.parent, mode=permissions, owner=owner)
  File "/opt/igel/igelpkg/igelpkg/__main__.py", line 286, in main
    path.mkdir(mode=int(mode, 8))
  File "/usr/lib/python3.11/pathlib.py", line 1117, in mkdir
    self.create_data_dir(package, app_config, app_name, part_metadata, apt_helper, architecture, data_dir, app_metadata,
  File "/opt/igel/igelpkg/igelpkg/__main__.py", line 384, in <module>
  File "/opt/igel/igelpkg/igelpkg/builder.py", line 1894, in _build
    with context_manager as apt_helper:
    ^^^^^^^^^^^^^^
  File "/opt/igel/igelpkg/igelpkg/builder.py", line 1461, in create_data_dir

AttributeError: 'list_iterator' object has no attribute 'throw'
    self.gen.throw(typ, value, traceback)
  File "/opt/igel/igelpkg/igelpkg/builder.py", line 1819, in build